<?xml version="1.0" encoding="UTF-8"?>
<!-- Generated by org.testng.reporters.JUnitXMLReporter -->
<testsuite ignored="1" hostname="Courtracks-MacBook-Pro.local" failures="0" tests="4" name="Default test" time="4.642" errors="0" timestamp="2025-01-13T18:02:31 GMT-03:00">
  <testcase classname="api.test.PropertyTests" name="testCreateProperty" time="2.14"/>
  <testcase classname="api.test.PropertyTests" name="testGetPropertyById" time="0.824"/>
  <testcase classname="api.test.BookingTests" name="testCreateBooking" time="0.694"/>
  <testcase classname="api.test.BookingTests" name="testOverlappingBooking" time="0.815"/>
  <testcase classname="api.test.BookingTests" name="testGetBookingById" time="0.0">
    <ignored/>
  </testcase> <!-- testGetBookingById -->
</testsuite> <!-- Default test -->
