<?xml version="1.0" encoding="UTF-8"?>
<testng-results ignored="0" total="4" passed="4" failed="0" skipped="0">
  <reporter-output>
  </reporter-output>
  <suite started-at="2025-01-13T18:02:27 GMT-03:00" name="Default suite" finished-at="2025-01-13T18:02:31 GMT-03:00" duration-ms="4642">
    <groups>
    </groups>
    <test started-at="2025-01-13T18:02:27 GMT-03:00" name="Default test" finished-at="2025-01-13T18:02:31 GMT-03:00" duration-ms="4642">
      <class name="api.test.PropertyTests">
        <test-method is-config="true" signature="setUpData()[pri:0, instance:api.test.PropertyTests@7586beff]" started-at="2025-01-13T18:02:27 GMT-03:00" name="setUpData" finished-at="2025-01-13T18:02:27 GMT-03:00" duration-ms="92" status="PASS">
          <reporter-output>
          </reporter-output>
        </test-method> <!-- setUpData -->
        <test-method signature="testCreateProperty()[pri:0, instance:api.test.PropertyTests@7586beff]" started-at="2025-01-13T18:02:27 GMT-03:00" name="testCreateProperty" finished-at="2025-01-13T18:02:29 GMT-03:00" duration-ms="2140" status="PASS">
          <reporter-output>
          </reporter-output>
        </test-method> <!-- testCreateProperty -->
        <test-method signature="testGetPropertyById()[pri:0, instance:api.test.PropertyTests@7586beff]" started-at="2025-01-13T18:02:29 GMT-03:00" name="testGetPropertyById" finished-at="2025-01-13T18:02:30 GMT-03:00" duration-ms="824" status="PASS">
          <reporter-output>
          </reporter-output>
        </test-method> <!-- testGetPropertyById -->
      </class> <!-- api.test.PropertyTests -->
      <class name="api.test.BookingTests">
        <test-method is-config="true" signature="setUpData()[pri:0, instance:api.test.BookingTests@6a78afa0]" started-at="2025-01-13T18:02:30 GMT-03:00" name="setUpData" finished-at="2025-01-13T18:02:30 GMT-03:00" duration-ms="42" status="PASS">
          <reporter-output>
          </reporter-output>
        </test-method> <!-- setUpData -->
        <test-method signature="testCreateBooking()[pri:0, instance:api.test.BookingTests@6a78afa0]" started-at="2025-01-13T18:02:30 GMT-03:00" name="testCreateBooking" finished-at="2025-01-13T18:02:30 GMT-03:00" duration-ms="694" status="PASS">
          <reporter-output>
          </reporter-output>
        </test-method> <!-- testCreateBooking -->
        <test-method signature="testOverlappingBooking()[pri:0, instance:api.test.BookingTests@6a78afa0]" started-at="2025-01-13T18:02:30 GMT-03:00" name="testOverlappingBooking" finished-at="2025-01-13T18:02:31 GMT-03:00" duration-ms="815" status="PASS">
          <reporter-output>
          </reporter-output>
        </test-method> <!-- testOverlappingBooking -->
      </class> <!-- api.test.BookingTests -->
    </test> <!-- Default test -->
  </suite> <!-- Default suite -->
</testng-results>
